<?xml version="1.0" encoding="UTF-8"?>
<testng-results skipped="0" failed="0" ignored="0" total="1" passed="1">
  <reporter-output>
  </reporter-output>
  <suite name="Default suite" duration-ms="50" started-at="2019-08-12T20:36:54Z" finished-at="2019-08-12T20:36:54Z">
    <groups>
    </groups>
    <test name="Default test" duration-ms="50" started-at="2019-08-12T20:36:54Z" finished-at="2019-08-12T20:36:54Z">
      <class name="test.RetryLogic">
        <test-method status="PASS" signature="test()[pri:0, instance:test.RetryLogic@5034c75a]" name="test" duration-ms="13" started-at="2019-08-12T20:36:54Z" finished-at="2019-08-12T20:36:54Z">
          <reporter-output>
          </reporter-output>
        </test-method> <!-- test -->
      </class> <!-- test.RetryLogic -->
    </test> <!-- Default test -->
  </suite> <!-- Default suite -->
</testng-results>
